<?xml version="1.0" encoding="UTF-8"?>
<!-- Generated by org.testng.reporters.JUnitReportReporter -->
<testsuite hostname="ms.local" name="com.jenkins.testing.NewTest" tests="1" failures="0" timestamp="29 Dec 2016 21:08:23 GMT" time="7.114" errors="0">
  <testcase name="f" time="7.114" classname="com.jenkins.testing.NewTest"/>
</testsuite> <!-- com.jenkins.testing.NewTest -->
