<?xml version="1.0" encoding="UTF-8"?>
<!-- Generated by org.testng.reporters.JUnitReportReporter -->
<testsuite hostname="ms.local" name="com.jenkins.testing.NewTest" tests="1" failures="0" timestamp="30 Dec 2016 15:18:04 GMT" time="5.394" errors="0">
  <testcase name="f" time="5.394" classname="com.jenkins.testing.NewTest"/>
</testsuite> <!-- com.jenkins.testing.NewTest -->
